<?xml version="1.0" encoding="UTF-8"?>
<!-- Generated by org.testng.reporters.JUnitReportReporter -->
<testsuite hostname="DESKTOP-HOFM65N" failures="0" tests="5" name="zeroBankTests.LoginInvalid" time="4.466" errors="0" timestamp="2021-02-16T10:32:39 EET" skipped="0">
  <testcase classname="zeroBankTests.LoginInvalid" name="loginInvalid" time="0.877"/>
  <system-out>
Starting test method:loginInvalid  Enter value : username  Enter value : _ Text : Login and/or password are wrong. - is Verified loginInvalid is Passed  </system-out>
  <testcase classname="zeroBankTests.LoginInvalid" name="loginInvalid" time="0.880"/>
  <system-out>
Starting test method:loginInvalid  Enter value : qxvcixav  Enter value : rnrsydnu Text : Login and/or password are wrong. - is Verified loginInvalid is Passed  </system-out>
  <testcase classname="zeroBankTests.LoginInvalid" name="loginInvalid" time="0.867"/>
  <system-out>
Starting test method:loginInvalid  Enter value : st**  Enter value : password Text : Login and/or password are wrong. - is Verified loginInvalid is Passed  </system-out>
  <testcase classname="zeroBankTests.LoginInvalid" name="loginInvalid" time="0.845"/>
  <system-out>
Starting test method:loginInvalid  Enter value :    Enter value :  Text : Login and/or password are wrong. - is Verified loginInvalid is Passed  </system-out>
  <testcase classname="zeroBankTests.LoginInvalid" name="loginInvalid" time="0.997"/>
  <system-out>
Starting test method:loginInvalid  Enter value : td  Enter value : 1 Text : Login and/or password are wrong. - is Verified loginInvalid is Passed  </system-out>
</testsuite> <!-- zeroBankTests.LoginInvalid -->
