<?xml version="1.0" encoding="UTF-8"?>
<!-- Generated by org.testng.reporters.JUnitReportReporter -->
<testsuite hostname="NUV-5CG1152V3W" failures="0" tests="2" name="ShoppingTests.zTest" time="4.497" errors="0" timestamp="2023-01-21T16:03:13 EET" skipped="0">
  <testcase classname="ShoppingTests.zTest" name="t3_search_ProductInTheSearchFieldAndVerifyResults" time="2.311"/>
  <system-out>
    <![CDATA[Successfully opened url 'https://ecommerce-playground.lambdatest.io/index.php?route=common/home'
 Enter value : Palm Treo Pro]]>
  </system-out>
  <testcase classname="ShoppingTests.zTest" name="t3_search_ProductInTheSearchFieldAndVerifyResults" time="2.186"/>
  <system-out>
    <![CDATA[Successfully opened url 'https://ecommerce-playground.lambdatest.io/index.php?route=common/home'
 Enter value : HTC Touch HD]]>
  </system-out>
</testsuite> <!-- ShoppingTests.zTest -->
