<?xml version="1.0" encoding="UTF-8"?>
<!-- Generated by org.testng.reporters.JUnitReportReporter -->
<testsuite hostname="NUV-5CG1152V3W" failures="0" tests="1" name="ShoppingTests.LAMBDA_TESTS_ShoppingCart" time="9.776" errors="0" timestamp="2023-01-23T17:11:53 EET" skipped="0">
  <testcase classname="ShoppingTests.LAMBDA_TESTS_ShoppingCart" name="t3_CheckoutItem" time="9.776"/>
  <system-out>
    <![CDATA[Successfully opened url 'https://ecommerce-playground.lambdatest.io/index.php?route=common/home'
 Enter value : HTC Touch HD
 Enter value : firstName_pap
 Enter value : lastName_bgt
 Enter value : email_tbs@email.com
 Enter value : +359123123123
 Enter value : passean
 Enter value : passean
 Enter value : company_ixr
 Enter value : address1_fku
 Enter value : address2_bsl
 Enter value : Sofia
 Enter value : 1111]]>
  </system-out>
</testsuite> <!-- ShoppingTests.LAMBDA_TESTS_ShoppingCart -->
